============================= test session starts ==============================
platform linux -- Python 3.13.12, pytest-9.0.3, pluggy-1.5.0 -- /home/thanh_wsl/miniconda3/bin/python3.13
cachedir: .pytest_cache
rootdir: /home/thanh_wsl/ai/Day24-2A202600091/medviet-governance
plugins: langsmith-0.8.3, anyio-4.13.0, Faker-40.15.0
collecting ... collected 6 items

tests/test_pii.py::TestPIIDetection::test_cccd_detected PASSED           [ 16%]
tests/test_pii.py::TestPIIDetection::test_phone_detected PASSED          [ 33%]
tests/test_pii.py::TestPIIDetection::test_email_detected PASSED          [ 50%]
tests/test_pii.py::TestPIIDetection::test_detection_rate_above_95_percent PASSED [ 66%]
tests/test_pii.py::TestAnonymization::test_pii_not_in_output PASSED      [ 83%]
tests/test_pii.py::TestAnonymization::test_non_pii_columns_unchanged PASSED [100%]

============================== 6 passed in 6.33s ===============================
